GROUP,PACKAGE,CLASS,INSTRUCTION_MISSED,INSTRUCTION_COVERED,BRANCH_MISSED,BRANCH_COVERED,LINE_MISSED,LINE_COVERED,COMPLEXITY_MISSED,COMPLEXITY_COVERED,METHOD_MISSED,METHOD_COVERED
Phone Bill Web/REST Project,edu.pdx.cs410J.phonebillweb,PhoneBillRestClient.PhoneBillRestException,8,0,0,0,3,0,1,0,1,0
Phone Bill Web/REST Project,edu.pdx.cs410J.phonebillweb,Messages,14,114,0,6,3,20,3,9,3,6
Phone Bill Web/REST Project,edu.pdx.cs410J.phonebillweb,Project4,203,0,20,0,66,0,15,0,5,0
Phone Bill Web/REST Project,edu.pdx.cs410J.phonebillweb,Messages.new Map.Entry() {...},5,24,0,2,1,6,1,4,1,3
Phone Bill Web/REST Project,edu.pdx.cs410J.phonebillweb,PhoneBillRestClient,122,0,2,0,20,0,8,0,7,0
Phone Bill Web/REST Project,edu.pdx.cs410J.phonebillweb,PhoneBillServlet,61,92,4,6,21,28,7,7,3,6
