GROUP,PACKAGE,CLASS,INSTRUCTION_MISSED,INSTRUCTION_COVERED,BRANCH_MISSED,BRANCH_COVERED,LINE_MISSED,LINE_COVERED,COMPLEXITY_MISSED,COMPLEXITY_COVERED,METHOD_MISSED,METHOD_COVERED
Phone Bill Web/REST Project,edu.pdx.cs410J.phonebillweb,PhoneBillRestClient.PhoneBillRestException,8,0,0,0,3,0,1,0,1,0
Phone Bill Web/REST Project,edu.pdx.cs410J.phonebillweb,Messages,7,121,1,5,3,20,3,9,2,7
Phone Bill Web/REST Project,edu.pdx.cs410J.phonebillweb,Project4,62,141,4,16,22,44,6,9,3,2
Phone Bill Web/REST Project,edu.pdx.cs410J.phonebillweb,Messages.new Map.Entry() {...},5,24,0,2,1,6,1,4,1,3
Phone Bill Web/REST Project,edu.pdx.cs410J.phonebillweb,PhoneBillRestClient,6,116,1,1,1,19,1,7,0,7
Phone Bill Web/REST Project,edu.pdx.cs410J.phonebillweb,PhoneBillServlet,153,0,10,0,49,0,14,0,9,0
