GROUP,PACKAGE,CLASS,INSTRUCTION_MISSED,INSTRUCTION_COVERED,BRANCH_MISSED,BRANCH_COVERED,LINE_MISSED,LINE_COVERED,COMPLEXITY_MISSED,COMPLEXITY_COVERED,METHOD_MISSED,METHOD_COVERED
Appointment Book Web/REST Project,edu.pdx.cs410J.apptbookweb,Messages.new Map.Entry() {...},29,0,2,0,7,0,5,0,4,0
Appointment Book Web/REST Project,edu.pdx.cs410J.apptbookweb,AppointmentBookServlet,159,0,12,0,51,0,15,0,9,0
Appointment Book Web/REST Project,edu.pdx.cs410J.apptbookweb,AppointmentBookRestClient.AppointmentBookRestException,8,0,0,0,3,0,1,0,1,0
Appointment Book Web/REST Project,edu.pdx.cs410J.apptbookweb,Project4,177,0,18,0,62,0,13,0,4,0
Appointment Book Web/REST Project,edu.pdx.cs410J.apptbookweb,AppointmentBookRestClient,100,0,2,0,20,0,8,0,7,0
Appointment Book Web/REST Project,edu.pdx.cs410J.apptbookweb,Messages,128,0,6,0,23,0,12,0,9,0
