GROUP,PACKAGE,CLASS,INSTRUCTION_MISSED,INSTRUCTION_COVERED,BRANCH_MISSED,BRANCH_COVERED,LINE_MISSED,LINE_COVERED,COMPLEXITY_MISSED,COMPLEXITY_COVERED,METHOD_MISSED,METHOD_COVERED
Airline Web/REST Project,edu.pdx.cs410J.airlineweb,AirlineRestClient,100,0,2,0,20,0,8,0,7,0
Airline Web/REST Project,edu.pdx.cs410J.airlineweb,Project5,177,0,18,0,62,0,13,0,4,0
Airline Web/REST Project,edu.pdx.cs410J.airlineweb,AirlineServlet,159,0,12,0,51,0,15,0,9,0
Airline Web/REST Project,edu.pdx.cs410J.airlineweb,AirlineRestClient.AirlineRestException,8,0,0,0,3,0,1,0,1,0
Airline Web/REST Project,edu.pdx.cs410J.airlineweb,Messages.new Map.Entry() {...},29,0,2,0,7,0,5,0,4,0
Airline Web/REST Project,edu.pdx.cs410J.airlineweb,Messages,128,0,6,0,23,0,12,0,9,0
